{
"src/app/about/about.component.ts":{"path":"src/app/about/about.component.ts","statementMap":{"1":{"start":{"line":1,"column":0},"end":{"line":4,"column":22}},"2":{"start":{"line":5,"column":0},"end":{"line":5,"column":48}},"3":{"start":{"line":25,"column":27},"end":{"line":25,"column":0}},"4":{"start":{"line":29,"column":11},"end":{"line":29,"column":32}},"5":{"start":{"line":32,"column":9},"end":{"line":50,"column":3}},"6":{"start":{"line":32,"column":2},"end":{"line":50,"column":2}},"7":{"start":{"line":33,"column":4},"end":{"line":40,"column":9}},"8":{"start":{"line":39,"column":8},"end":{"line":39,"column":40}},"9":{"start":{"line":42,"column":4},"end":{"line":42,"column":43}},"10":{"start":{"line":49,"column":4},"end":{"line":49,"column":32}},"11":{"start":{"line":51,"column":10},"end":{"line":66,"column":3}},"12":{"start":{"line":51,"column":2},"end":{"line":66,"column":2}},"13":{"start":{"line":57,"column":4},"end":{"line":65,"column":7}},"14":{"start":{"line":59,"column":6},"end":{"line":63,"column":11}},"15":{"start":{"line":61,"column":10},"end":{"line":61,"column":46}},"16":{"start":{"line":62,"column":10},"end":{"line":62,"column":33}},"17":{"start":{"line":68,"column":0},"end":{"line":68,"column":1}},"18":{"start":{"line":25,"column":13},"end":{"line":68,"column":1}},"19":{"start":{"line":25,"column":13},"end":{"line":25,"column":27}}},"fnMap":{"1":{"name":"(anonymous_0)","line":25,"loc":{"start":{"line":25,"column":27},"end":{"line":25,"column":0}}},"2":{"name":"AboutComponent","line":29,"loc":{"start":{"line":29,"column":32},"end":{"line":30,"column":6}}},"3":{"name":"(anonymous_2)","line":32,"loc":{"start":{"line":32,"column":2},"end":{"line":50,"column":3}}},"4":{"name":"(anonymous_3)","line":35,"loc":{"start":{"line":35,"column":27},"end":{"line":40,"column":7}}},"5":{"name":"(anonymous_4)","line":51,"loc":{"start":{"line":51,"column":2},"end":{"line":66,"column":3}}},"6":{"name":"(anonymous_5)","line":57,"loc":{"start":{"line":57,"column":15},"end":{"line":65,"column":5}}},"7":{"name":"(anonymous_6)","line":60,"loc":{"start":{"line":60,"column":19},"end":{"line":63,"column":9}}}},"branchMap":{},"s":{"1":1,"2":1,"3":1,"4":1,"5":1,"6":1,"7":1,"8":1,"9":1,"10":1,"11":1,"12":1,"13":1,"14":1,"15":1,"16":1,"17":1,"18":1,"19":1},"b":{},"f":{"1":1,"2":1,"3":1,"4":1,"5":1,"6":1,"7":1},"l":{"1":1,"5":1,"25":1,"29":1,"32":1,"33":1,"39":1,"42":1,"49":1,"51":1,"57":1,"59":1,"61":1,"62":1,"68":1}},
"src/app/app.component.ts":{"path":"src/app/app.component.ts","statementMap":{"1":{"start":{"line":4,"column":0},"end":{"line":8,"column":22}},"2":{"start":{"line":9,"column":0},"end":{"line":9,"column":40}},"3":{"start":{"line":61,"column":25},"end":{"line":61,"column":0}},"4":{"start":{"line":67,"column":11},"end":{"line":67,"column":29}},"5":{"start":{"line":62,"column":9},"end":{"line":62,"column":65}},"6":{"start":{"line":63,"column":9},"end":{"line":63,"column":44}},"7":{"start":{"line":64,"column":9},"end":{"line":64,"column":50}},"8":{"start":{"line":70,"column":9},"end":{"line":72,"column":3}},"9":{"start":{"line":71,"column":4},"end":{"line":71,"column":58}},"10":{"start":{"line":74,"column":0},"end":{"line":74,"column":1}},"11":{"start":{"line":61,"column":13},"end":{"line":74,"column":1}},"12":{"start":{"line":61,"column":13},"end":{"line":61,"column":25}}},"fnMap":{"1":{"name":"(anonymous_0)","line":61,"loc":{"start":{"line":61,"column":25},"end":{"line":61,"column":0}}},"2":{"name":"AppComponent","line":67,"loc":{"start":{"line":67,"column":29},"end":{"line":68,"column":6}}},"3":{"name":"(anonymous_2)","line":70,"loc":{"start":{"line":70,"column":2},"end":{"line":72,"column":3}}}},"branchMap":{},"s":{"1":1,"2":1,"3":1,"4":3,"5":3,"6":3,"7":3,"8":1,"9":4,"10":1,"11":1,"12":1},"b":{},"f":{"1":1,"2":3,"3":4},"l":{"4":1,"9":1,"61":1,"62":3,"63":3,"64":3,"67":3,"70":1,"71":4,"74":1}},
"src/app/app.service.ts":{"path":"src/app/app.service.ts","statementMap":{"1":{"start":{"line":1,"column":0},"end":{"line":1,"column":42}},"2":{"start":{"line":8,"column":21},"end":{"line":8,"column":0}},"3":{"start":{"line":10,"column":9},"end":{"line":10,"column":41}},"4":{"start":{"line":15,"column":2},"end":{"line":17,"column":3}},"5":{"start":{"line":16,"column":4},"end":{"line":16,"column":50}},"6":{"start":{"line":22,"column":4},"end":{"line":22,"column":59}},"7":{"start":{"line":25,"column":9},"end":{"line":31,"column":3}},"8":{"start":{"line":29,"column":18},"end":{"line":29,"column":28}},"9":{"start":{"line":30,"column":4},"end":{"line":30,"column":60}},"10":{"start":{"line":33,"column":9},"end":{"line":38,"column":3}},"11":{"start":{"line":37,"column":4},"end":{"line":37,"column":37}},"12":{"start":{"line":40,"column":10},"end":{"line":45,"column":3}},"13":{"start":{"line":44,"column":4},"end":{"line":44,"column":48}},"14":{"start":{"line":46,"column":0},"end":{"line":46,"column":1}},"15":{"start":{"line":8,"column":13},"end":{"line":46,"column":1}},"16":{"start":{"line":8,"column":13},"end":{"line":8,"column":21}}},"fnMap":{"1":{"name":"(anonymous_0)","line":8,"loc":{"start":{"line":8,"column":21},"end":{"line":8,"column":0}}},"2":{"name":"AppState","line":7,"loc":{"start":{"line":7,"column":0},"end":{"line":46,"column":1}}},"3":{"name":"(anonymous_2)","line":15,"loc":{"start":{"line":15,"column":2},"end":{"line":17,"column":3}}},"4":{"name":"(anonymous_3)","line":21,"loc":{"start":{"line":21,"column":24},"end":{"line":23,"column":3}}},"5":{"name":"(anonymous_4)","line":25,"loc":{"start":{"line":25,"column":23},"end":{"line":31,"column":3}}},"6":{"name":"(anonymous_5)","line":33,"loc":{"start":{"line":33,"column":37},"end":{"line":38,"column":3}}},"7":{"name":"(anonymous_6)","line":40,"loc":{"start":{"line":40,"column":42},"end":{"line":45,"column":3}}}},"branchMap":{"1":{"line":30,"type":"cond-expr","locations":[{"start":{"line":30,"column":40},"end":{"line":30,"column":51}},{"start":{"line":30,"column":54},"end":{"line":30,"column":59}}]}},"s":{"1":1,"2":1,"3":6,"4":1,"5":10,"6":0,"7":1,"8":0,"9":0,"10":1,"11":0,"12":1,"13":10,"14":1,"15":1,"16":1},"b":{"1":[0,0]},"f":{"1":1,"2":6,"3":10,"4":0,"5":0,"6":0,"7":10},"l":{"1":1,"8":1,"10":6,"15":1,"16":10,"22":0,"25":1,"29":0,"30":0,"33":1,"37":0,"40":1,"44":10,"46":1}},
"src/app/home/home.component.ts":{"path":"src/app/home/home.component.ts","statementMap":{"1":{"start":{"line":1,"column":0},"end":{"line":4,"column":22}},"2":{"start":{"line":6,"column":0},"end":{"line":6,"column":41}},"3":{"start":{"line":7,"column":0},"end":{"line":7,"column":31}},"4":{"start":{"line":32,"column":26},"end":{"line":32,"column":0}},"5":{"start":{"line":41,"column":11},"end":{"line":41,"column":29}},"6":{"start":{"line":42,"column":11},"end":{"line":42,"column":23}},"7":{"start":{"line":36,"column":9},"end":{"line":36,"column":36}},"8":{"start":{"line":45,"column":9},"end":{"line":50,"column":3}},"9":{"start":{"line":46,"column":4},"end":{"line":46,"column":42}},"10":{"start":{"line":52,"column":9},"end":{"line":56,"column":3}},"11":{"start":{"line":53,"column":4},"end":{"line":53,"column":38}},"12":{"start":{"line":54,"column":4},"end":{"line":54,"column":38}},"13":{"start":{"line":55,"column":4},"end":{"line":55,"column":31}},"14":{"start":{"line":57,"column":0},"end":{"line":57,"column":1}},"15":{"start":{"line":32,"column":13},"end":{"line":57,"column":1}},"16":{"start":{"line":32,"column":13},"end":{"line":32,"column":26}}},"fnMap":{"1":{"name":"(anonymous_0)","line":32,"loc":{"start":{"line":32,"column":26},"end":{"line":32,"column":0}}},"2":{"name":"HomeComponent","line":42,"loc":{"start":{"line":42,"column":23},"end":{"line":43,"column":6}}},"3":{"name":"(anonymous_2)","line":45,"loc":{"start":{"line":45,"column":2},"end":{"line":50,"column":3}}},"4":{"name":"(anonymous_3)","line":52,"loc":{"start":{"line":52,"column":34},"end":{"line":56,"column":3}}}},"branchMap":{},"s":{"1":1,"2":1,"3":1,"4":1,"5":3,"6":3,"7":3,"8":1,"9":4,"10":1,"11":0,"12":0,"13":0,"14":1,"15":1,"16":1},"b":{},"f":{"1":1,"2":3,"3":4,"4":0},"l":{"1":1,"6":1,"7":1,"32":1,"36":3,"41":3,"42":3,"45":1,"46":4,"52":1,"53":0,"54":0,"55":0,"57":1}},
"src/app/home/title/index.ts":{"path":"src/app/home/title/index.ts","statementMap":{"1":{"start":{"line":1,"column":0},"end":{"line":1,"column":32}}},"fnMap":{},"branchMap":{},"s":{"1":1},"b":{},"f":{},"l":{"1":1}},
"src/app/home/title/title.service.ts":{"path":"src/app/home/title/title.service.ts","statementMap":{"1":{"start":{"line":1,"column":0},"end":{"line":1,"column":42}},"2":{"start":{"line":2,"column":0},"end":{"line":2,"column":36}},"3":{"start":{"line":5,"column":18},"end":{"line":5,"column":0}},"4":{"start":{"line":10,"column":11},"end":{"line":10,"column":21}},"5":{"start":{"line":7,"column":9},"end":{"line":7,"column":29}},"6":{"start":{"line":13,"column":9},"end":{"line":22,"column":3}},"7":{"start":{"line":14,"column":4},"end":{"line":14,"column":45}},"8":{"start":{"line":19,"column":4},"end":{"line":21,"column":6}},"9":{"start":{"line":24,"column":0},"end":{"line":24,"column":1}},"10":{"start":{"line":5,"column":13},"end":{"line":24,"column":1}},"11":{"start":{"line":5,"column":13},"end":{"line":5,"column":18}}},"fnMap":{"1":{"name":"(anonymous_0)","line":5,"loc":{"start":{"line":5,"column":18},"end":{"line":5,"column":0}}},"2":{"name":"Title","line":10,"loc":{"start":{"line":10,"column":21},"end":{"line":11,"column":6}}},"3":{"name":"(anonymous_2)","line":13,"loc":{"start":{"line":13,"column":2},"end":{"line":22,"column":3}}}},"branchMap":{},"s":{"1":1,"2":1,"3":1,"4":5,"5":5,"6":1,"7":2,"8":2,"9":1,"10":1,"11":1},"b":{},"f":{"1":1,"2":5,"3":2},"l":{"1":1,"2":1,"5":1,"7":5,"10":5,"13":1,"14":2,"19":2,"24":1}},
"src/app/home/x-large/x-large.directive.ts":{"path":"src/app/home/x-large/x-large.directive.ts","statementMap":{"1":{"start":{"line":1,"column":0},"end":{"line":6,"column":22}},"2":{"start":{"line":14,"column":28},"end":{"line":14,"column":0}},"3":{"start":{"line":16,"column":11},"end":{"line":16,"column":30}},"4":{"start":{"line":17,"column":11},"end":{"line":17,"column":29}},"5":{"start":{"line":26,"column":5},"end":{"line":26,"column":76}},"6":{"start":{"line":28,"column":0},"end":{"line":28,"column":1}},"7":{"start":{"line":14,"column":13},"end":{"line":28,"column":1}},"8":{"start":{"line":14,"column":13},"end":{"line":14,"column":28}}},"fnMap":{"1":{"name":"(anonymous_0)","line":14,"loc":{"start":{"line":14,"column":28},"end":{"line":14,"column":0}}},"2":{"name":"XLargeDirective","line":17,"loc":{"start":{"line":17,"column":29},"end":{"line":27,"column":3}}}},"branchMap":{},"s":{"1":1,"2":1,"3":1,"4":1,"5":1,"6":1,"7":1,"8":1},"b":{},"f":{"1":1,"2":1},"l":{"1":1,"14":1,"16":1,"17":1,"26":1,"28":1}}}
